[2021-11-26 08:19:06] local.ERROR: Command "migrrate" is not defined.

Did you mean one of these?
    migrate
    migrate:fresh
    migrate:install
    migrate:refresh
    migrate:reset
    migrate:rollback
    migrate:status {"exception":"[object] (Symfony\\Component\\Console\\Exception\\CommandNotFoundException(code: 0): Command \"migrrate\" is not defined.

Did you mean one of these?
    migrate
    migrate:fresh
    migrate:install
    migrate:refresh
    migrate:reset
    migrate:rollback
    migrate:status at /usr/share/nginx/html/vendor/symfony/console/Application.php:682)
[stacktrace]
#0 /usr/share/nginx/html/vendor/symfony/console/Application.php(255): Symfony\\Component\\Console\\Application->find('migrrate')
#1 /usr/share/nginx/html/vendor/symfony/console/Application.php(167): Symfony\\Component\\Console\\Application->doRun(Object(Symfony\\Component\\Console\\Input\\ArgvInput), Object(Symfony\\Component\\Console\\Output\\ConsoleOutput))
#2 /usr/share/nginx/html/vendor/illuminate/console/Application.php(94): Symfony\\Component\\Console\\Application->run(Object(Symfony\\Component\\Console\\Input\\ArgvInput), Object(Symfony\\Component\\Console\\Output\\ConsoleOutput))
#3 /usr/share/nginx/html/vendor/laravel/lumen-framework/src/Console/Kernel.php(116): Illuminate\\Console\\Application->run(Object(Symfony\\Component\\Console\\Input\\ArgvInput), Object(Symfony\\Component\\Console\\Output\\ConsoleOutput))
#4 /usr/share/nginx/html/artisan(35): Laravel\\Lumen\\Console\\Kernel->handle(Object(Symfony\\Component\\Console\\Input\\ArgvInput), Object(Symfony\\Component\\Console\\Output\\ConsoleOutput))
#5 {main}
"} 
[2021-11-26 08:19:15] local.ERROR: There are no commands defined in the "migrrate" namespace.

Did you mean this?
    migrate {"exception":"[object] (Symfony\\Component\\Console\\Exception\\NamespaceNotFoundException(code: 0): There are no commands defined in the \"migrrate\" namespace.

Did you mean this?
    migrate at /usr/share/nginx/html/vendor/symfony/console/Application.php:612)
[stacktrace]
#0 /usr/share/nginx/html/vendor/symfony/console/Application.php(663): Symfony\\Component\\Console\\Application->findNamespace('migrrate')
#1 /usr/share/nginx/html/vendor/symfony/console/Application.php(255): Symfony\\Component\\Console\\Application->find('migrrate:fresh')
#2 /usr/share/nginx/html/vendor/symfony/console/Application.php(167): Symfony\\Component\\Console\\Application->doRun(Object(Symfony\\Component\\Console\\Input\\ArgvInput), Object(Symfony\\Component\\Console\\Output\\ConsoleOutput))
#3 /usr/share/nginx/html/vendor/illuminate/console/Application.php(94): Symfony\\Component\\Console\\Application->run(Object(Symfony\\Component\\Console\\Input\\ArgvInput), Object(Symfony\\Component\\Console\\Output\\ConsoleOutput))
#4 /usr/share/nginx/html/vendor/laravel/lumen-framework/src/Console/Kernel.php(116): Illuminate\\Console\\Application->run(Object(Symfony\\Component\\Console\\Input\\ArgvInput), Object(Symfony\\Component\\Console\\Output\\ConsoleOutput))
#5 /usr/share/nginx/html/artisan(35): Laravel\\Lumen\\Console\\Kernel->handle(Object(Symfony\\Component\\Console\\Input\\ArgvInput), Object(Symfony\\Component\\Console\\Output\\ConsoleOutput))
#6 {main}
"} 
[2021-11-26 08:19:19] local.ERROR: SQLSTATE[08006] [7] FATAL:  password authentication failed for user "root" (SQL: select tablename from pg_catalog.pg_tables where schemaname in ('public')) {"exception":"[object] (Illuminate\\Database\\QueryException(code: 7): SQLSTATE[08006] [7] FATAL:  password authentication failed for user \"root\" (SQL: select tablename from pg_catalog.pg_tables where schemaname in ('public')) at /usr/share/nginx/html/vendor/illuminate/database/Connection.php:703)
[stacktrace]
#0 /usr/share/nginx/html/vendor/illuminate/database/Connection.php(663): Illuminate\\Database\\Connection->runQueryCallback('select tablenam...', Array, Object(Closure))
#1 /usr/share/nginx/html/vendor/illuminate/database/Connection.php(367): Illuminate\\Database\\Connection->run('select tablenam...', Array, Object(Closure))
#2 /usr/share/nginx/html/vendor/illuminate/database/Schema/PostgresBuilder.php(136): Illuminate\\Database\\Connection->select('select tablenam...')
#3 /usr/share/nginx/html/vendor/illuminate/database/Schema/PostgresBuilder.php(61): Illuminate\\Database\\Schema\\PostgresBuilder->getAllTables()
#4 /usr/share/nginx/html/vendor/illuminate/database/Console/WipeCommand.php(69): Illuminate\\Database\\Schema\\PostgresBuilder->dropAllTables()
#5 /usr/share/nginx/html/vendor/illuminate/database/Console/WipeCommand.php(46): Illuminate\\Database\\Console\\WipeCommand->dropAllTables(NULL)
#6 /usr/share/nginx/html/vendor/illuminate/container/BoundMethod.php(36): Illuminate\\Database\\Console\\WipeCommand->handle()
#7 /usr/share/nginx/html/vendor/illuminate/container/Util.php(40): Illuminate\\Container\\BoundMethod::Illuminate\\Container\\{closure}()
#8 /usr/share/nginx/html/vendor/illuminate/container/BoundMethod.php(93): Illuminate\\Container\\Util::unwrapIfClosure(Object(Closure))
#9 /usr/share/nginx/html/vendor/illuminate/container/BoundMethod.php(37): Illuminate\\Container\\BoundMethod::callBoundMethod(Object(Laravel\\Lumen\\Application), Array, Object(Closure))
#10 /usr/share/nginx/html/vendor/illuminate/container/Container.php(653): Illuminate\\Container\\BoundMethod::call(Object(Laravel\\Lumen\\Application), Array, Array, NULL)
#11 /usr/share/nginx/html/vendor/illuminate/console/Command.php(136): Illuminate\\Container\\Container->call(Array)
#12 /usr/share/nginx/html/vendor/symfony/console/Command/Command.php(299): Illuminate\\Console\\Command->execute(Object(Symfony\\Component\\Console\\Input\\ArrayInput), Object(Illuminate\\Console\\OutputStyle))
#13 /usr/share/nginx/html/vendor/illuminate/console/Command.php(121): Symfony\\Component\\Console\\Command\\Command->run(Object(Symfony\\Component\\Console\\Input\\ArrayInput), Object(Illuminate\\Console\\OutputStyle))
#14 /usr/share/nginx/html/vendor/illuminate/console/Concerns/CallsCommands.php(68): Illuminate\\Console\\Command->run(Object(Symfony\\Component\\Console\\Input\\ArrayInput), Object(Illuminate\\Console\\OutputStyle))
#15 /usr/share/nginx/html/vendor/illuminate/console/Concerns/CallsCommands.php(28): Illuminate\\Console\\Command->runCommand('db:wipe', Array, Object(Illuminate\\Console\\OutputStyle))
#16 /usr/share/nginx/html/vendor/illuminate/database/Console/Migrations/FreshCommand.php(43): Illuminate\\Console\\Command->call('db:wipe', Array)
#17 /usr/share/nginx/html/vendor/illuminate/container/BoundMethod.php(36): Illuminate\\Database\\Console\\Migrations\\FreshCommand->handle()
#18 /usr/share/nginx/html/vendor/illuminate/container/Util.php(40): Illuminate\\Container\\BoundMethod::Illuminate\\Container\\{closure}()
#19 /usr/share/nginx/html/vendor/illuminate/container/BoundMethod.php(93): Illuminate\\Container\\Util::unwrapIfClosure(Object(Closure))
#20 /usr/share/nginx/html/vendor/illuminate/container/BoundMethod.php(37): Illuminate\\Container\\BoundMethod::callBoundMethod(Object(Laravel\\Lumen\\Application), Array, Object(Closure))
#21 /usr/share/nginx/html/vendor/illuminate/container/Container.php(653): Illuminate\\Container\\BoundMethod::call(Object(Laravel\\Lumen\\Application), Array, Array, NULL)
#22 /usr/share/nginx/html/vendor/illuminate/console/Command.php(136): Illuminate\\Container\\Container->call(Array)
#23 /usr/share/nginx/html/vendor/symfony/console/Command/Command.php(299): Illuminate\\Console\\Command->execute(Object(Symfony\\Component\\Console\\Input\\ArgvInput), Object(Illuminate\\Console\\OutputStyle))
#24 /usr/share/nginx/html/vendor/illuminate/console/Command.php(121): Symfony\\Component\\Console\\Command\\Command->run(Object(Symfony\\Component\\Console\\Input\\ArgvInput), Object(Illuminate\\Console\\OutputStyle))
#25 /usr/share/nginx/html/vendor/symfony/console/Application.php(978): Illuminate\\Console\\Command->run(Object(Symfony\\Component\\Console\\Input\\ArgvInput), Object(Symfony\\Component\\Console\\Output\\ConsoleOutput))
#26 /usr/share/nginx/html/vendor/symfony/console/Application.php(295): Symfony\\Component\\Console\\Application->doRunCommand(Object(Illuminate\\Database\\Console\\Migrations\\FreshCommand), Object(Symfony\\Component\\Console\\Input\\ArgvInput), Object(Symfony\\Component\\Console\\Output\\ConsoleOutput))
#27 /usr/share/nginx/html/vendor/symfony/console/Application.php(167): Symfony\\Component\\Console\\Application->doRun(Object(Symfony\\Component\\Console\\Input\\ArgvInput), Object(Symfony\\Component\\Console\\Output\\ConsoleOutput))
#28 /usr/share/nginx/html/vendor/illuminate/console/Application.php(94): Symfony\\Component\\Console\\Application->run(Object(Symfony\\Component\\Console\\Input\\ArgvInput), Object(Symfony\\Component\\Console\\Output\\ConsoleOutput))
#29 /usr/share/nginx/html/vendor/laravel/lumen-framework/src/Console/Kernel.php(116): Illuminate\\Console\\Application->run(Object(Symfony\\Component\\Console\\Input\\ArgvInput), Object(Symfony\\Component\\Console\\Output\\ConsoleOutput))
#30 /usr/share/nginx/html/artisan(35): Laravel\\Lumen\\Console\\Kernel->handle(Object(Symfony\\Component\\Console\\Input\\ArgvInput), Object(Symfony\\Component\\Console\\Output\\ConsoleOutput))
#31 {main}

[previous exception] [object] (PDOException(code: 7): SQLSTATE[08006] [7] FATAL:  password authentication failed for user \"root\" at /usr/share/nginx/html/vendor/illuminate/database/Connectors/Connector.php:70)
[stacktrace]
#0 /usr/share/nginx/html/vendor/illuminate/database/Connectors/Connector.php(70): PDO->__construct('pgsql:host=pgsq...', 'root', 'example', Array)
#1 /usr/share/nginx/html/vendor/illuminate/database/Connectors/Connector.php(46): Illuminate\\Database\\Connectors\\Connector->createPdoConnection('pgsql:host=pgsq...', 'root', 'example', Array)
#2 /usr/share/nginx/html/vendor/illuminate/database/Connectors/PostgresConnector.php(33): Illuminate\\Database\\Connectors\\Connector->createConnection('pgsql:host=pgsq...', Array, Array)
#3 /usr/share/nginx/html/vendor/illuminate/database/Connectors/ConnectionFactory.php(184): Illuminate\\Database\\Connectors\\PostgresConnector->connect(Array)
#4 [internal function]: Illuminate\\Database\\Connectors\\ConnectionFactory->Illuminate\\Database\\Connectors\\{closure}()
#5 /usr/share/nginx/html/vendor/illuminate/database/Connection.php(1021): call_user_func(Object(Closure))
#6 /usr/share/nginx/html/vendor/illuminate/database/Connection.php(1057): Illuminate\\Database\\Connection->getPdo()
#7 /usr/share/nginx/html/vendor/illuminate/database/Connection.php(433): Illuminate\\Database\\Connection->getReadPdo()
#8 /usr/share/nginx/html/vendor/illuminate/database/Connection.php(359): Illuminate\\Database\\Connection->getPdoForSelect(true)
#9 /usr/share/nginx/html/vendor/illuminate/database/Connection.php(696): Illuminate\\Database\\Connection->Illuminate\\Database\\{closure}('select tablenam...', Array)
#10 /usr/share/nginx/html/vendor/illuminate/database/Connection.php(663): Illuminate\\Database\\Connection->runQueryCallback('select tablenam...', Array, Object(Closure))
#11 /usr/share/nginx/html/vendor/illuminate/database/Connection.php(367): Illuminate\\Database\\Connection->run('select tablenam...', Array, Object(Closure))
#12 /usr/share/nginx/html/vendor/illuminate/database/Schema/PostgresBuilder.php(136): Illuminate\\Database\\Connection->select('select tablenam...')
#13 /usr/share/nginx/html/vendor/illuminate/database/Schema/PostgresBuilder.php(61): Illuminate\\Database\\Schema\\PostgresBuilder->getAllTables()
#14 /usr/share/nginx/html/vendor/illuminate/database/Console/WipeCommand.php(69): Illuminate\\Database\\Schema\\PostgresBuilder->dropAllTables()
#15 /usr/share/nginx/html/vendor/illuminate/database/Console/WipeCommand.php(46): Illuminate\\Database\\Console\\WipeCommand->dropAllTables(NULL)
#16 /usr/share/nginx/html/vendor/illuminate/container/BoundMethod.php(36): Illuminate\\Database\\Console\\WipeCommand->handle()
#17 /usr/share/nginx/html/vendor/illuminate/container/Util.php(40): Illuminate\\Container\\BoundMethod::Illuminate\\Container\\{closure}()
#18 /usr/share/nginx/html/vendor/illuminate/container/BoundMethod.php(93): Illuminate\\Container\\Util::unwrapIfClosure(Object(Closure))
#19 /usr/share/nginx/html/vendor/illuminate/container/BoundMethod.php(37): Illuminate\\Container\\BoundMethod::callBoundMethod(Object(Laravel\\Lumen\\Application), Array, Object(Closure))
#20 /usr/share/nginx/html/vendor/illuminate/container/Container.php(653): Illuminate\\Container\\BoundMethod::call(Object(Laravel\\Lumen\\Application), Array, Array, NULL)
#21 /usr/share/nginx/html/vendor/illuminate/console/Command.php(136): Illuminate\\Container\\Container->call(Array)
#22 /usr/share/nginx/html/vendor/symfony/console/Command/Command.php(299): Illuminate\\Console\\Command->execute(Object(Symfony\\Component\\Console\\Input\\ArrayInput), Object(Illuminate\\Console\\OutputStyle))
#23 /usr/share/nginx/html/vendor/illuminate/console/Command.php(121): Symfony\\Component\\Console\\Command\\Command->run(Object(Symfony\\Component\\Console\\Input\\ArrayInput), Object(Illuminate\\Console\\OutputStyle))
#24 /usr/share/nginx/html/vendor/illuminate/console/Concerns/CallsCommands.php(68): Illuminate\\Console\\Command->run(Object(Symfony\\Component\\Console\\Input\\ArrayInput), Object(Illuminate\\Console\\OutputStyle))
#25 /usr/share/nginx/html/vendor/illuminate/console/Concerns/CallsCommands.php(28): Illuminate\\Console\\Command->runCommand('db:wipe', Array, Object(Illuminate\\Console\\OutputStyle))
#26 /usr/share/nginx/html/vendor/illuminate/database/Console/Migrations/FreshCommand.php(43): Illuminate\\Console\\Command->call('db:wipe', Array)
#27 /usr/share/nginx/html/vendor/illuminate/container/BoundMethod.php(36): Illuminate\\Database\\Console\\Migrations\\FreshCommand->handle()
#28 /usr/share/nginx/html/vendor/illuminate/container/Util.php(40): Illuminate\\Container\\BoundMethod::Illuminate\\Container\\{closure}()
#29 /usr/share/nginx/html/vendor/illuminate/container/BoundMethod.php(93): Illuminate\\Container\\Util::unwrapIfClosure(Object(Closure))
#30 /usr/share/nginx/html/vendor/illuminate/container/BoundMethod.php(37): Illuminate\\Container\\BoundMethod::callBoundMethod(Object(Laravel\\Lumen\\Application), Array, Object(Closure))
#31 /usr/share/nginx/html/vendor/illuminate/container/Container.php(653): Illuminate\\Container\\BoundMethod::call(Object(Laravel\\Lumen\\Application), Array, Array, NULL)
#32 /usr/share/nginx/html/vendor/illuminate/console/Command.php(136): Illuminate\\Container\\Container->call(Array)
#33 /usr/share/nginx/html/vendor/symfony/console/Command/Command.php(299): Illuminate\\Console\\Command->execute(Object(Symfony\\Component\\Console\\Input\\ArgvInput), Object(Illuminate\\Console\\OutputStyle))
#34 /usr/share/nginx/html/vendor/illuminate/console/Command.php(121): Symfony\\Component\\Console\\Command\\Command->run(Object(Symfony\\Component\\Console\\Input\\ArgvInput), Object(Illuminate\\Console\\OutputStyle))
#35 /usr/share/nginx/html/vendor/symfony/console/Application.php(978): Illuminate\\Console\\Command->run(Object(Symfony\\Component\\Console\\Input\\ArgvInput), Object(Symfony\\Component\\Console\\Output\\ConsoleOutput))
#36 /usr/share/nginx/html/vendor/symfony/console/Application.php(295): Symfony\\Component\\Console\\Application->doRunCommand(Object(Illuminate\\Database\\Console\\Migrations\\FreshCommand), Object(Symfony\\Component\\Console\\Input\\ArgvInput), Object(Symfony\\Component\\Console\\Output\\ConsoleOutput))
#37 /usr/share/nginx/html/vendor/symfony/console/Application.php(167): Symfony\\Component\\Console\\Application->doRun(Object(Symfony\\Component\\Console\\Input\\ArgvInput), Object(Symfony\\Component\\Console\\Output\\ConsoleOutput))
#38 /usr/share/nginx/html/vendor/illuminate/console/Application.php(94): Symfony\\Component\\Console\\Application->run(Object(Symfony\\Component\\Console\\Input\\ArgvInput), Object(Symfony\\Component\\Console\\Output\\ConsoleOutput))
#39 /usr/share/nginx/html/vendor/laravel/lumen-framework/src/Console/Kernel.php(116): Illuminate\\Console\\Application->run(Object(Symfony\\Component\\Console\\Input\\ArgvInput), Object(Symfony\\Component\\Console\\Output\\ConsoleOutput))
#40 /usr/share/nginx/html/artisan(35): Laravel\\Lumen\\Console\\Kernel->handle(Object(Symfony\\Component\\Console\\Input\\ArgvInput), Object(Symfony\\Component\\Console\\Output\\ConsoleOutput))
#41 {main}
"} 
[2021-11-26 08:38:53] local.ERROR: SQLSTATE[08006] [7] FATAL:  password authentication failed for user "root" (SQL: select * from information_schema.tables where table_schema = public and table_name = migrations and table_type = 'BASE TABLE') {"exception":"[object] (Illuminate\\Database\\QueryException(code: 7): SQLSTATE[08006] [7] FATAL:  password authentication failed for user \"root\" (SQL: select * from information_schema.tables where table_schema = public and table_name = migrations and table_type = 'BASE TABLE') at /usr/share/nginx/html/vendor/illuminate/database/Connection.php:703)
[stacktrace]
#0 /usr/share/nginx/html/vendor/illuminate/database/Connection.php(663): Illuminate\\Database\\Connection->runQueryCallback('select * from i...', Array, Object(Closure))
#1 /usr/share/nginx/html/vendor/illuminate/database/Connection.php(367): Illuminate\\Database\\Connection->run('select * from i...', Array, Object(Closure))
#2 /usr/share/nginx/html/vendor/illuminate/database/Schema/PostgresBuilder.php(46): Illuminate\\Database\\Connection->select('select * from i...', Array)
#3 /usr/share/nginx/html/vendor/illuminate/database/Migrations/DatabaseMigrationRepository.php(169): Illuminate\\Database\\Schema\\PostgresBuilder->hasTable('migrations')
#4 /usr/share/nginx/html/vendor/illuminate/database/Migrations/Migrator.php(652): Illuminate\\Database\\Migrations\\DatabaseMigrationRepository->repositoryExists()
#5 /usr/share/nginx/html/vendor/illuminate/database/Console/Migrations/MigrateCommand.php(106): Illuminate\\Database\\Migrations\\Migrator->repositoryExists()
#6 /usr/share/nginx/html/vendor/illuminate/database/Console/Migrations/MigrateCommand.php(77): Illuminate\\Database\\Console\\Migrations\\MigrateCommand->prepareDatabase()
#7 /usr/share/nginx/html/vendor/illuminate/database/Migrations/Migrator.php(585): Illuminate\\Database\\Console\\Migrations\\MigrateCommand->Illuminate\\Database\\Console\\Migrations\\{closure}()
#8 /usr/share/nginx/html/vendor/illuminate/database/Console/Migrations/MigrateCommand.php(94): Illuminate\\Database\\Migrations\\Migrator->usingConnection(NULL, Object(Closure))
#9 /usr/share/nginx/html/vendor/illuminate/container/BoundMethod.php(36): Illuminate\\Database\\Console\\Migrations\\MigrateCommand->handle()
#10 /usr/share/nginx/html/vendor/illuminate/container/Util.php(40): Illuminate\\Container\\BoundMethod::Illuminate\\Container\\{closure}()
#11 /usr/share/nginx/html/vendor/illuminate/container/BoundMethod.php(93): Illuminate\\Container\\Util::unwrapIfClosure(Object(Closure))
#12 /usr/share/nginx/html/vendor/illuminate/container/BoundMethod.php(37): Illuminate\\Container\\BoundMethod::callBoundMethod(Object(Laravel\\Lumen\\Application), Array, Object(Closure))
#13 /usr/share/nginx/html/vendor/illuminate/container/Container.php(653): Illuminate\\Container\\BoundMethod::call(Object(Laravel\\Lumen\\Application), Array, Array, NULL)
#14 /usr/share/nginx/html/vendor/illuminate/console/Command.php(136): Illuminate\\Container\\Container->call(Array)
#15 /usr/share/nginx/html/vendor/symfony/console/Command/Command.php(299): Illuminate\\Console\\Command->execute(Object(Symfony\\Component\\Console\\Input\\ArgvInput), Object(Illuminate\\Console\\OutputStyle))
#16 /usr/share/nginx/html/vendor/illuminate/console/Command.php(121): Symfony\\Component\\Console\\Command\\Command->run(Object(Symfony\\Component\\Console\\Input\\ArgvInput), Object(Illuminate\\Console\\OutputStyle))
#17 /usr/share/nginx/html/vendor/symfony/console/Application.php(978): Illuminate\\Console\\Command->run(Object(Symfony\\Component\\Console\\Input\\ArgvInput), Object(Symfony\\Component\\Console\\Output\\ConsoleOutput))
#18 /usr/share/nginx/html/vendor/symfony/console/Application.php(295): Symfony\\Component\\Console\\Application->doRunCommand(Object(Illuminate\\Database\\Console\\Migrations\\MigrateCommand), Object(Symfony\\Component\\Console\\Input\\ArgvInput), Object(Symfony\\Component\\Console\\Output\\ConsoleOutput))
#19 /usr/share/nginx/html/vendor/symfony/console/Application.php(167): Symfony\\Component\\Console\\Application->doRun(Object(Symfony\\Component\\Console\\Input\\ArgvInput), Object(Symfony\\Component\\Console\\Output\\ConsoleOutput))
#20 /usr/share/nginx/html/vendor/illuminate/console/Application.php(94): Symfony\\Component\\Console\\Application->run(Object(Symfony\\Component\\Console\\Input\\ArgvInput), Object(Symfony\\Component\\Console\\Output\\ConsoleOutput))
#21 /usr/share/nginx/html/vendor/laravel/lumen-framework/src/Console/Kernel.php(116): Illuminate\\Console\\Application->run(Object(Symfony\\Component\\Console\\Input\\ArgvInput), Object(Symfony\\Component\\Console\\Output\\ConsoleOutput))
#22 /usr/share/nginx/html/artisan(35): Laravel\\Lumen\\Console\\Kernel->handle(Object(Symfony\\Component\\Console\\Input\\ArgvInput), Object(Symfony\\Component\\Console\\Output\\ConsoleOutput))
#23 {main}

[previous exception] [object] (PDOException(code: 7): SQLSTATE[08006] [7] FATAL:  password authentication failed for user \"root\" at /usr/share/nginx/html/vendor/illuminate/database/Connectors/Connector.php:70)
[stacktrace]
#0 /usr/share/nginx/html/vendor/illuminate/database/Connectors/Connector.php(70): PDO->__construct('pgsql:host=pgsq...', 'root', 'example', Array)
#1 /usr/share/nginx/html/vendor/illuminate/database/Connectors/Connector.php(46): Illuminate\\Database\\Connectors\\Connector->createPdoConnection('pgsql:host=pgsq...', 'root', 'example', Array)
#2 /usr/share/nginx/html/vendor/illuminate/database/Connectors/PostgresConnector.php(33): Illuminate\\Database\\Connectors\\Connector->createConnection('pgsql:host=pgsq...', Array, Array)
#3 /usr/share/nginx/html/vendor/illuminate/database/Connectors/ConnectionFactory.php(184): Illuminate\\Database\\Connectors\\PostgresConnector->connect(Array)
#4 [internal function]: Illuminate\\Database\\Connectors\\ConnectionFactory->Illuminate\\Database\\Connectors\\{closure}()
#5 /usr/share/nginx/html/vendor/illuminate/database/Connection.php(1021): call_user_func(Object(Closure))
#6 /usr/share/nginx/html/vendor/illuminate/database/Connection.php(1057): Illuminate\\Database\\Connection->getPdo()
#7 /usr/share/nginx/html/vendor/illuminate/database/Connection.php(433): Illuminate\\Database\\Connection->getReadPdo()
#8 /usr/share/nginx/html/vendor/illuminate/database/Connection.php(359): Illuminate\\Database\\Connection->getPdoForSelect(true)
#9 /usr/share/nginx/html/vendor/illuminate/database/Connection.php(696): Illuminate\\Database\\Connection->Illuminate\\Database\\{closure}('select * from i...', Array)
#10 /usr/share/nginx/html/vendor/illuminate/database/Connection.php(663): Illuminate\\Database\\Connection->runQueryCallback('select * from i...', Array, Object(Closure))
#11 /usr/share/nginx/html/vendor/illuminate/database/Connection.php(367): Illuminate\\Database\\Connection->run('select * from i...', Array, Object(Closure))
#12 /usr/share/nginx/html/vendor/illuminate/database/Schema/PostgresBuilder.php(46): Illuminate\\Database\\Connection->select('select * from i...', Array)
#13 /usr/share/nginx/html/vendor/illuminate/database/Migrations/DatabaseMigrationRepository.php(169): Illuminate\\Database\\Schema\\PostgresBuilder->hasTable('migrations')
#14 /usr/share/nginx/html/vendor/illuminate/database/Migrations/Migrator.php(652): Illuminate\\Database\\Migrations\\DatabaseMigrationRepository->repositoryExists()
#15 /usr/share/nginx/html/vendor/illuminate/database/Console/Migrations/MigrateCommand.php(106): Illuminate\\Database\\Migrations\\Migrator->repositoryExists()
#16 /usr/share/nginx/html/vendor/illuminate/database/Console/Migrations/MigrateCommand.php(77): Illuminate\\Database\\Console\\Migrations\\MigrateCommand->prepareDatabase()
#17 /usr/share/nginx/html/vendor/illuminate/database/Migrations/Migrator.php(585): Illuminate\\Database\\Console\\Migrations\\MigrateCommand->Illuminate\\Database\\Console\\Migrations\\{closure}()
#18 /usr/share/nginx/html/vendor/illuminate/database/Console/Migrations/MigrateCommand.php(94): Illuminate\\Database\\Migrations\\Migrator->usingConnection(NULL, Object(Closure))
#19 /usr/share/nginx/html/vendor/illuminate/container/BoundMethod.php(36): Illuminate\\Database\\Console\\Migrations\\MigrateCommand->handle()
#20 /usr/share/nginx/html/vendor/illuminate/container/Util.php(40): Illuminate\\Container\\BoundMethod::Illuminate\\Container\\{closure}()
#21 /usr/share/nginx/html/vendor/illuminate/container/BoundMethod.php(93): Illuminate\\Container\\Util::unwrapIfClosure(Object(Closure))
#22 /usr/share/nginx/html/vendor/illuminate/container/BoundMethod.php(37): Illuminate\\Container\\BoundMethod::callBoundMethod(Object(Laravel\\Lumen\\Application), Array, Object(Closure))
#23 /usr/share/nginx/html/vendor/illuminate/container/Container.php(653): Illuminate\\Container\\BoundMethod::call(Object(Laravel\\Lumen\\Application), Array, Array, NULL)
#24 /usr/share/nginx/html/vendor/illuminate/console/Command.php(136): Illuminate\\Container\\Container->call(Array)
#25 /usr/share/nginx/html/vendor/symfony/console/Command/Command.php(299): Illuminate\\Console\\Command->execute(Object(Symfony\\Component\\Console\\Input\\ArgvInput), Object(Illuminate\\Console\\OutputStyle))
#26 /usr/share/nginx/html/vendor/illuminate/console/Command.php(121): Symfony\\Component\\Console\\Command\\Command->run(Object(Symfony\\Component\\Console\\Input\\ArgvInput), Object(Illuminate\\Console\\OutputStyle))
#27 /usr/share/nginx/html/vendor/symfony/console/Application.php(978): Illuminate\\Console\\Command->run(Object(Symfony\\Component\\Console\\Input\\ArgvInput), Object(Symfony\\Component\\Console\\Output\\ConsoleOutput))
#28 /usr/share/nginx/html/vendor/symfony/console/Application.php(295): Symfony\\Component\\Console\\Application->doRunCommand(Object(Illuminate\\Database\\Console\\Migrations\\MigrateCommand), Object(Symfony\\Component\\Console\\Input\\ArgvInput), Object(Symfony\\Component\\Console\\Output\\ConsoleOutput))
#29 /usr/share/nginx/html/vendor/symfony/console/Application.php(167): Symfony\\Component\\Console\\Application->doRun(Object(Symfony\\Component\\Console\\Input\\ArgvInput), Object(Symfony\\Component\\Console\\Output\\ConsoleOutput))
#30 /usr/share/nginx/html/vendor/illuminate/console/Application.php(94): Symfony\\Component\\Console\\Application->run(Object(Symfony\\Component\\Console\\Input\\ArgvInput), Object(Symfony\\Component\\Console\\Output\\ConsoleOutput))
#31 /usr/share/nginx/html/vendor/laravel/lumen-framework/src/Console/Kernel.php(116): Illuminate\\Console\\Application->run(Object(Symfony\\Component\\Console\\Input\\ArgvInput), Object(Symfony\\Component\\Console\\Output\\ConsoleOutput))
#32 /usr/share/nginx/html/artisan(35): Laravel\\Lumen\\Console\\Kernel->handle(Object(Symfony\\Component\\Console\\Input\\ArgvInput), Object(Symfony\\Component\\Console\\Output\\ConsoleOutput))
#33 {main}
"} 
[2021-11-26 09:55:01] local.ERROR: could not find driver (SQL: select * from information_schema.tables where table_schema = public and table_name = migrations and table_type = 'BASE TABLE') {"exception":"[object] (Illuminate\\Database\\QueryException(code: 0): could not find driver (SQL: select * from information_schema.tables where table_schema = public and table_name = migrations and table_type = 'BASE TABLE') at /app/vendor/illuminate/database/Connection.php:703)
[stacktrace]
#0 /app/vendor/illuminate/database/Connection.php(663): Illuminate\\Database\\Connection->runQueryCallback('select * from i...', Array, Object(Closure))
#1 /app/vendor/illuminate/database/Connection.php(367): Illuminate\\Database\\Connection->run('select * from i...', Array, Object(Closure))
#2 /app/vendor/illuminate/database/Schema/PostgresBuilder.php(46): Illuminate\\Database\\Connection->select('select * from i...', Array)
#3 /app/vendor/illuminate/database/Migrations/DatabaseMigrationRepository.php(169): Illuminate\\Database\\Schema\\PostgresBuilder->hasTable('migrations')
#4 /app/vendor/illuminate/database/Migrations/Migrator.php(652): Illuminate\\Database\\Migrations\\DatabaseMigrationRepository->repositoryExists()
#5 /app/vendor/illuminate/database/Console/Migrations/MigrateCommand.php(106): Illuminate\\Database\\Migrations\\Migrator->repositoryExists()
#6 /app/vendor/illuminate/database/Console/Migrations/MigrateCommand.php(77): Illuminate\\Database\\Console\\Migrations\\MigrateCommand->prepareDatabase()
#7 /app/vendor/illuminate/database/Migrations/Migrator.php(585): Illuminate\\Database\\Console\\Migrations\\MigrateCommand->Illuminate\\Database\\Console\\Migrations\\{closure}()
#8 /app/vendor/illuminate/database/Console/Migrations/MigrateCommand.php(94): Illuminate\\Database\\Migrations\\Migrator->usingConnection(NULL, Object(Closure))
#9 /app/vendor/illuminate/container/BoundMethod.php(36): Illuminate\\Database\\Console\\Migrations\\MigrateCommand->handle()
#10 /app/vendor/illuminate/container/Util.php(40): Illuminate\\Container\\BoundMethod::Illuminate\\Container\\{closure}()
#11 /app/vendor/illuminate/container/BoundMethod.php(93): Illuminate\\Container\\Util::unwrapIfClosure(Object(Closure))
#12 /app/vendor/illuminate/container/BoundMethod.php(37): Illuminate\\Container\\BoundMethod::callBoundMethod(Object(Laravel\\Lumen\\Application), Array, Object(Closure))
#13 /app/vendor/illuminate/container/Container.php(653): Illuminate\\Container\\BoundMethod::call(Object(Laravel\\Lumen\\Application), Array, Array, NULL)
#14 /app/vendor/illuminate/console/Command.php(136): Illuminate\\Container\\Container->call(Array)
#15 /app/vendor/symfony/console/Command/Command.php(299): Illuminate\\Console\\Command->execute(Object(Symfony\\Component\\Console\\Input\\ArgvInput), Object(Illuminate\\Console\\OutputStyle))
#16 /app/vendor/illuminate/console/Command.php(121): Symfony\\Component\\Console\\Command\\Command->run(Object(Symfony\\Component\\Console\\Input\\ArgvInput), Object(Illuminate\\Console\\OutputStyle))
#17 /app/vendor/symfony/console/Application.php(978): Illuminate\\Console\\Command->run(Object(Symfony\\Component\\Console\\Input\\ArgvInput), Object(Symfony\\Component\\Console\\Output\\ConsoleOutput))
#18 /app/vendor/symfony/console/Application.php(295): Symfony\\Component\\Console\\Application->doRunCommand(Object(Illuminate\\Database\\Console\\Migrations\\MigrateCommand), Object(Symfony\\Component\\Console\\Input\\ArgvInput), Object(Symfony\\Component\\Console\\Output\\ConsoleOutput))
#19 /app/vendor/symfony/console/Application.php(167): Symfony\\Component\\Console\\Application->doRun(Object(Symfony\\Component\\Console\\Input\\ArgvInput), Object(Symfony\\Component\\Console\\Output\\ConsoleOutput))
#20 /app/vendor/illuminate/console/Application.php(94): Symfony\\Component\\Console\\Application->run(Object(Symfony\\Component\\Console\\Input\\ArgvInput), Object(Symfony\\Component\\Console\\Output\\ConsoleOutput))
#21 /app/vendor/laravel/lumen-framework/src/Console/Kernel.php(116): Illuminate\\Console\\Application->run(Object(Symfony\\Component\\Console\\Input\\ArgvInput), Object(Symfony\\Component\\Console\\Output\\ConsoleOutput))
#22 /app/artisan(35): Laravel\\Lumen\\Console\\Kernel->handle(Object(Symfony\\Component\\Console\\Input\\ArgvInput), Object(Symfony\\Component\\Console\\Output\\ConsoleOutput))
#23 {main}

[previous exception] [object] (PDOException(code: 0): could not find driver at /app/vendor/illuminate/database/Connectors/Connector.php:70)
[stacktrace]
#0 /app/vendor/illuminate/database/Connectors/Connector.php(70): PDO->__construct('pgsql:host=pgsq...', 'main', 'example', Array)
#1 /app/vendor/illuminate/database/Connectors/Connector.php(46): Illuminate\\Database\\Connectors\\Connector->createPdoConnection('pgsql:host=pgsq...', 'main', 'example', Array)
#2 /app/vendor/illuminate/database/Connectors/PostgresConnector.php(33): Illuminate\\Database\\Connectors\\Connector->createConnection('pgsql:host=pgsq...', Array, Array)
#3 /app/vendor/illuminate/database/Connectors/ConnectionFactory.php(184): Illuminate\\Database\\Connectors\\PostgresConnector->connect(Array)
#4 [internal function]: Illuminate\\Database\\Connectors\\ConnectionFactory->Illuminate\\Database\\Connectors\\{closure}()
#5 /app/vendor/illuminate/database/Connection.php(1021): call_user_func(Object(Closure))
#6 /app/vendor/illuminate/database/Connection.php(1057): Illuminate\\Database\\Connection->getPdo()
#7 /app/vendor/illuminate/database/Connection.php(433): Illuminate\\Database\\Connection->getReadPdo()
#8 /app/vendor/illuminate/database/Connection.php(359): Illuminate\\Database\\Connection->getPdoForSelect(true)
#9 /app/vendor/illuminate/database/Connection.php(696): Illuminate\\Database\\Connection->Illuminate\\Database\\{closure}('select * from i...', Array)
#10 /app/vendor/illuminate/database/Connection.php(663): Illuminate\\Database\\Connection->runQueryCallback('select * from i...', Array, Object(Closure))
#11 /app/vendor/illuminate/database/Connection.php(367): Illuminate\\Database\\Connection->run('select * from i...', Array, Object(Closure))
#12 /app/vendor/illuminate/database/Schema/PostgresBuilder.php(46): Illuminate\\Database\\Connection->select('select * from i...', Array)
#13 /app/vendor/illuminate/database/Migrations/DatabaseMigrationRepository.php(169): Illuminate\\Database\\Schema\\PostgresBuilder->hasTable('migrations')
#14 /app/vendor/illuminate/database/Migrations/Migrator.php(652): Illuminate\\Database\\Migrations\\DatabaseMigrationRepository->repositoryExists()
#15 /app/vendor/illuminate/database/Console/Migrations/MigrateCommand.php(106): Illuminate\\Database\\Migrations\\Migrator->repositoryExists()
#16 /app/vendor/illuminate/database/Console/Migrations/MigrateCommand.php(77): Illuminate\\Database\\Console\\Migrations\\MigrateCommand->prepareDatabase()
#17 /app/vendor/illuminate/database/Migrations/Migrator.php(585): Illuminate\\Database\\Console\\Migrations\\MigrateCommand->Illuminate\\Database\\Console\\Migrations\\{closure}()
#18 /app/vendor/illuminate/database/Console/Migrations/MigrateCommand.php(94): Illuminate\\Database\\Migrations\\Migrator->usingConnection(NULL, Object(Closure))
#19 /app/vendor/illuminate/container/BoundMethod.php(36): Illuminate\\Database\\Console\\Migrations\\MigrateCommand->handle()
#20 /app/vendor/illuminate/container/Util.php(40): Illuminate\\Container\\BoundMethod::Illuminate\\Container\\{closure}()
#21 /app/vendor/illuminate/container/BoundMethod.php(93): Illuminate\\Container\\Util::unwrapIfClosure(Object(Closure))
#22 /app/vendor/illuminate/container/BoundMethod.php(37): Illuminate\\Container\\BoundMethod::callBoundMethod(Object(Laravel\\Lumen\\Application), Array, Object(Closure))
#23 /app/vendor/illuminate/container/Container.php(653): Illuminate\\Container\\BoundMethod::call(Object(Laravel\\Lumen\\Application), Array, Array, NULL)
#24 /app/vendor/illuminate/console/Command.php(136): Illuminate\\Container\\Container->call(Array)
#25 /app/vendor/symfony/console/Command/Command.php(299): Illuminate\\Console\\Command->execute(Object(Symfony\\Component\\Console\\Input\\ArgvInput), Object(Illuminate\\Console\\OutputStyle))
#26 /app/vendor/illuminate/console/Command.php(121): Symfony\\Component\\Console\\Command\\Command->run(Object(Symfony\\Component\\Console\\Input\\ArgvInput), Object(Illuminate\\Console\\OutputStyle))
#27 /app/vendor/symfony/console/Application.php(978): Illuminate\\Console\\Command->run(Object(Symfony\\Component\\Console\\Input\\ArgvInput), Object(Symfony\\Component\\Console\\Output\\ConsoleOutput))
#28 /app/vendor/symfony/console/Application.php(295): Symfony\\Component\\Console\\Application->doRunCommand(Object(Illuminate\\Database\\Console\\Migrations\\MigrateCommand), Object(Symfony\\Component\\Console\\Input\\ArgvInput), Object(Symfony\\Component\\Console\\Output\\ConsoleOutput))
#29 /app/vendor/symfony/console/Application.php(167): Symfony\\Component\\Console\\Application->doRun(Object(Symfony\\Component\\Console\\Input\\ArgvInput), Object(Symfony\\Component\\Console\\Output\\ConsoleOutput))
#30 /app/vendor/illuminate/console/Application.php(94): Symfony\\Component\\Console\\Application->run(Object(Symfony\\Component\\Console\\Input\\ArgvInput), Object(Symfony\\Component\\Console\\Output\\ConsoleOutput))
#31 /app/vendor/laravel/lumen-framework/src/Console/Kernel.php(116): Illuminate\\Console\\Application->run(Object(Symfony\\Component\\Console\\Input\\ArgvInput), Object(Symfony\\Component\\Console\\Output\\ConsoleOutput))
#32 /app/artisan(35): Laravel\\Lumen\\Console\\Kernel->handle(Object(Symfony\\Component\\Console\\Input\\ArgvInput), Object(Symfony\\Component\\Console\\Output\\ConsoleOutput))
#33 {main}
"} 
[2021-11-26 10:13:39] local.ERROR: SQLSTATE[08006] [7] could not connect to server: Connection refused
	Is the server running on host "pgsql" (172.22.0.3) and accepting
	TCP/IP connections on port 5432? (SQL: insert into "course_student" ("course_id", "student_id") values (111, 621)) {"exception":"[object] (Illuminate\\Database\\QueryException(code: 7): SQLSTATE[08006] [7] could not connect to server: Connection refused
\tIs the server running on host \"pgsql\" (172.22.0.3) and accepting
\tTCP/IP connections on port 5432? (SQL: insert into \"course_student\" (\"course_id\", \"student_id\") values (111, 621)) at /usr/share/nginx/html/vendor/illuminate/database/Connection.php:703)
[stacktrace]
#0 /usr/share/nginx/html/vendor/illuminate/database/Connection.php(775): Illuminate\\Database\\Connection->runQueryCallback('insert into \"co...', Array, Object(Closure))
#1 /usr/share/nginx/html/vendor/illuminate/database/Connection.php(755): Illuminate\\Database\\Connection->tryAgainIfCausedByLostConnection(Object(Illuminate\\Database\\QueryException), 'insert into \"co...', Array, Object(Closure))
#2 /usr/share/nginx/html/vendor/illuminate/database/Connection.php(666): Illuminate\\Database\\Connection->handleQueryException(Object(Illuminate\\Database\\QueryException), 'insert into \"co...', Array, Object(Closure))
#3 /usr/share/nginx/html/vendor/illuminate/database/Connection.php(493): Illuminate\\Database\\Connection->run('insert into \"co...', Array, Object(Closure))
#4 /usr/share/nginx/html/vendor/illuminate/database/Connection.php(445): Illuminate\\Database\\Connection->statement('insert into \"co...', Array)
#5 /usr/share/nginx/html/vendor/illuminate/database/Query/Builder.php(2918): Illuminate\\Database\\Connection->insert('insert into \"co...', Array)
#6 /usr/share/nginx/html/vendor/illuminate/database/Eloquent/Relations/Concerns/InteractsWithPivotTable.php(270): Illuminate\\Database\\Query\\Builder->insert(Array)
#7 /usr/share/nginx/html/vendor/illuminate/database/Eloquent/Relations/Concerns/InteractsWithPivotTable.php(176): Illuminate\\Database\\Eloquent\\Relations\\BelongsToMany->attach(621, Array, false)
#8 /usr/share/nginx/html/vendor/illuminate/database/Eloquent/Relations/Concerns/InteractsWithPivotTable.php(112): Illuminate\\Database\\Eloquent\\Relations\\BelongsToMany->attachNew(Array, Array, false)
#9 /usr/share/nginx/html/database/seeders/DatabaseSeeder.php(31): Illuminate\\Database\\Eloquent\\Relations\\BelongsToMany->sync(Array)
#10 /usr/share/nginx/html/vendor/illuminate/container/BoundMethod.php(36): Database\\Seeders\\DatabaseSeeder->run()
#11 /usr/share/nginx/html/vendor/illuminate/container/Util.php(40): Illuminate\\Container\\BoundMethod::Illuminate\\Container\\{closure}()
#12 /usr/share/nginx/html/vendor/illuminate/container/BoundMethod.php(93): Illuminate\\Container\\Util::unwrapIfClosure(Object(Closure))
#13 /usr/share/nginx/html/vendor/illuminate/container/BoundMethod.php(37): Illuminate\\Container\\BoundMethod::callBoundMethod(Object(Laravel\\Lumen\\Application), Array, Object(Closure))
#14 /usr/share/nginx/html/vendor/illuminate/container/Container.php(653): Illuminate\\Container\\BoundMethod::call(Object(Laravel\\Lumen\\Application), Array, Array, NULL)
#15 /usr/share/nginx/html/vendor/illuminate/database/Seeder.php(149): Illuminate\\Container\\Container->call(Array, Array)
#16 /usr/share/nginx/html/vendor/illuminate/database/Console/Seeds/SeedCommand.php(66): Illuminate\\Database\\Seeder->__invoke()
#17 /usr/share/nginx/html/vendor/illuminate/database/Eloquent/Concerns/GuardsAttributes.php(157): Illuminate\\Database\\Console\\Seeds\\SeedCommand->Illuminate\\Database\\Console\\Seeds\\{closure}()
#18 /usr/share/nginx/html/vendor/illuminate/database/Console/Seeds/SeedCommand.php(67): Illuminate\\Database\\Eloquent\\Model::unguarded(Object(Closure))
#19 /usr/share/nginx/html/vendor/illuminate/container/BoundMethod.php(36): Illuminate\\Database\\Console\\Seeds\\SeedCommand->handle()
#20 /usr/share/nginx/html/vendor/illuminate/container/Util.php(40): Illuminate\\Container\\BoundMethod::Illuminate\\Container\\{closure}()
#21 /usr/share/nginx/html/vendor/illuminate/container/BoundMethod.php(93): Illuminate\\Container\\Util::unwrapIfClosure(Object(Closure))
#22 /usr/share/nginx/html/vendor/illuminate/container/BoundMethod.php(37): Illuminate\\Container\\BoundMethod::callBoundMethod(Object(Laravel\\Lumen\\Application), Array, Object(Closure))
#23 /usr/share/nginx/html/vendor/illuminate/container/Container.php(653): Illuminate\\Container\\BoundMethod::call(Object(Laravel\\Lumen\\Application), Array, Array, NULL)
#24 /usr/share/nginx/html/vendor/illuminate/console/Command.php(136): Illuminate\\Container\\Container->call(Array)
#25 /usr/share/nginx/html/vendor/symfony/console/Command/Command.php(299): Illuminate\\Console\\Command->execute(Object(Symfony\\Component\\Console\\Input\\ArrayInput), Object(Illuminate\\Console\\OutputStyle))
#26 /usr/share/nginx/html/vendor/illuminate/console/Command.php(121): Symfony\\Component\\Console\\Command\\Command->run(Object(Symfony\\Component\\Console\\Input\\ArrayInput), Object(Illuminate\\Console\\OutputStyle))
#27 /usr/share/nginx/html/vendor/illuminate/console/Concerns/CallsCommands.php(68): Illuminate\\Console\\Command->run(Object(Symfony\\Component\\Console\\Input\\ArrayInput), Object(Illuminate\\Console\\OutputStyle))
#28 /usr/share/nginx/html/vendor/illuminate/console/Concerns/CallsCommands.php(28): Illuminate\\Console\\Command->runCommand('db:seed', Array, Object(Illuminate\\Console\\OutputStyle))
#29 /usr/share/nginx/html/vendor/illuminate/database/Console/Migrations/MigrateCommand.php(92): Illuminate\\Console\\Command->call('db:seed', Array)
#30 /usr/share/nginx/html/vendor/illuminate/database/Migrations/Migrator.php(585): Illuminate\\Database\\Console\\Migrations\\MigrateCommand->Illuminate\\Database\\Console\\Migrations\\{closure}()
#31 /usr/share/nginx/html/vendor/illuminate/database/Console/Migrations/MigrateCommand.php(94): Illuminate\\Database\\Migrations\\Migrator->usingConnection(NULL, Object(Closure))
#32 /usr/share/nginx/html/vendor/illuminate/container/BoundMethod.php(36): Illuminate\\Database\\Console\\Migrations\\MigrateCommand->handle()
#33 /usr/share/nginx/html/vendor/illuminate/container/Util.php(40): Illuminate\\Container\\BoundMethod::Illuminate\\Container\\{closure}()
#34 /usr/share/nginx/html/vendor/illuminate/container/BoundMethod.php(93): Illuminate\\Container\\Util::unwrapIfClosure(Object(Closure))
#35 /usr/share/nginx/html/vendor/illuminate/container/BoundMethod.php(37): Illuminate\\Container\\BoundMethod::callBoundMethod(Object(Laravel\\Lumen\\Application), Array, Object(Closure))
#36 /usr/share/nginx/html/vendor/illuminate/container/Container.php(653): Illuminate\\Container\\BoundMethod::call(Object(Laravel\\Lumen\\Application), Array, Array, NULL)
#37 /usr/share/nginx/html/vendor/illuminate/console/Command.php(136): Illuminate\\Container\\Container->call(Array)
#38 /usr/share/nginx/html/vendor/symfony/console/Command/Command.php(299): Illuminate\\Console\\Command->execute(Object(Symfony\\Component\\Console\\Input\\ArgvInput), Object(Illuminate\\Console\\OutputStyle))
#39 /usr/share/nginx/html/vendor/illuminate/console/Command.php(121): Symfony\\Component\\Console\\Command\\Command->run(Object(Symfony\\Component\\Console\\Input\\ArgvInput), Object(Illuminate\\Console\\OutputStyle))
#40 /usr/share/nginx/html/vendor/symfony/console/Application.php(978): Illuminate\\Console\\Command->run(Object(Symfony\\Component\\Console\\Input\\ArgvInput), Object(Symfony\\Component\\Console\\Output\\ConsoleOutput))
#41 /usr/share/nginx/html/vendor/symfony/console/Application.php(295): Symfony\\Component\\Console\\Application->doRunCommand(Object(Illuminate\\Database\\Console\\Migrations\\MigrateCommand), Object(Symfony\\Component\\Console\\Input\\ArgvInput), Object(Symfony\\Component\\Console\\Output\\ConsoleOutput))
#42 /usr/share/nginx/html/vendor/symfony/console/Application.php(167): Symfony\\Component\\Console\\Application->doRun(Object(Symfony\\Component\\Console\\Input\\ArgvInput), Object(Symfony\\Component\\Console\\Output\\ConsoleOutput))
#43 /usr/share/nginx/html/vendor/illuminate/console/Application.php(94): Symfony\\Component\\Console\\Application->run(Object(Symfony\\Component\\Console\\Input\\ArgvInput), Object(Symfony\\Component\\Console\\Output\\ConsoleOutput))
#44 /usr/share/nginx/html/vendor/laravel/lumen-framework/src/Console/Kernel.php(116): Illuminate\\Console\\Application->run(Object(Symfony\\Component\\Console\\Input\\ArgvInput), Object(Symfony\\Component\\Console\\Output\\ConsoleOutput))
#45 /usr/share/nginx/html/artisan(35): Laravel\\Lumen\\Console\\Kernel->handle(Object(Symfony\\Component\\Console\\Input\\ArgvInput), Object(Symfony\\Component\\Console\\Output\\ConsoleOutput))
#46 {main}

[previous exception] [object] (PDOException(code: 7): SQLSTATE[08006] [7] could not connect to server: Connection refused
\tIs the server running on host \"pgsql\" (172.22.0.3) and accepting
\tTCP/IP connections on port 5432? at /usr/share/nginx/html/vendor/illuminate/database/Connectors/Connector.php:70)
[stacktrace]
#0 /usr/share/nginx/html/vendor/illuminate/database/Connectors/Connector.php(70): PDO->__construct('pgsql:host=pgsq...', 'main', 'example', Array)
#1 /usr/share/nginx/html/vendor/illuminate/database/Connectors/Connector.php(46): Illuminate\\Database\\Connectors\\Connector->createPdoConnection('pgsql:host=pgsq...', 'main', 'example', Array)
#2 /usr/share/nginx/html/vendor/illuminate/database/Connectors/PostgresConnector.php(33): Illuminate\\Database\\Connectors\\Connector->createConnection('pgsql:host=pgsq...', Array, Array)
#3 /usr/share/nginx/html/vendor/illuminate/database/Connectors/ConnectionFactory.php(184): Illuminate\\Database\\Connectors\\PostgresConnector->connect(Array)
#4 [internal function]: Illuminate\\Database\\Connectors\\ConnectionFactory->Illuminate\\Database\\Connectors\\{closure}()
#5 /usr/share/nginx/html/vendor/illuminate/database/Connection.php(1021): call_user_func(Object(Closure))
#6 /usr/share/nginx/html/vendor/illuminate/database/Connection.php(486): Illuminate\\Database\\Connection->getPdo()
#7 /usr/share/nginx/html/vendor/illuminate/database/Connection.php(696): Illuminate\\Database\\Connection->Illuminate\\Database\\{closure}('insert into \"co...', Array)
#8 /usr/share/nginx/html/vendor/illuminate/database/Connection.php(775): Illuminate\\Database\\Connection->runQueryCallback('insert into \"co...', Array, Object(Closure))
#9 /usr/share/nginx/html/vendor/illuminate/database/Connection.php(755): Illuminate\\Database\\Connection->tryAgainIfCausedByLostConnection(Object(Illuminate\\Database\\QueryException), 'insert into \"co...', Array, Object(Closure))
#10 /usr/share/nginx/html/vendor/illuminate/database/Connection.php(666): Illuminate\\Database\\Connection->handleQueryException(Object(Illuminate\\Database\\QueryException), 'insert into \"co...', Array, Object(Closure))
#11 /usr/share/nginx/html/vendor/illuminate/database/Connection.php(493): Illuminate\\Database\\Connection->run('insert into \"co...', Array, Object(Closure))
#12 /usr/share/nginx/html/vendor/illuminate/database/Connection.php(445): Illuminate\\Database\\Connection->statement('insert into \"co...', Array)
#13 /usr/share/nginx/html/vendor/illuminate/database/Query/Builder.php(2918): Illuminate\\Database\\Connection->insert('insert into \"co...', Array)
#14 /usr/share/nginx/html/vendor/illuminate/database/Eloquent/Relations/Concerns/InteractsWithPivotTable.php(270): Illuminate\\Database\\Query\\Builder->insert(Array)
#15 /usr/share/nginx/html/vendor/illuminate/database/Eloquent/Relations/Concerns/InteractsWithPivotTable.php(176): Illuminate\\Database\\Eloquent\\Relations\\BelongsToMany->attach(621, Array, false)
#16 /usr/share/nginx/html/vendor/illuminate/database/Eloquent/Relations/Concerns/InteractsWithPivotTable.php(112): Illuminate\\Database\\Eloquent\\Relations\\BelongsToMany->attachNew(Array, Array, false)
#17 /usr/share/nginx/html/database/seeders/DatabaseSeeder.php(31): Illuminate\\Database\\Eloquent\\Relations\\BelongsToMany->sync(Array)
#18 /usr/share/nginx/html/vendor/illuminate/container/BoundMethod.php(36): Database\\Seeders\\DatabaseSeeder->run()
#19 /usr/share/nginx/html/vendor/illuminate/container/Util.php(40): Illuminate\\Container\\BoundMethod::Illuminate\\Container\\{closure}()
#20 /usr/share/nginx/html/vendor/illuminate/container/BoundMethod.php(93): Illuminate\\Container\\Util::unwrapIfClosure(Object(Closure))
#21 /usr/share/nginx/html/vendor/illuminate/container/BoundMethod.php(37): Illuminate\\Container\\BoundMethod::callBoundMethod(Object(Laravel\\Lumen\\Application), Array, Object(Closure))
#22 /usr/share/nginx/html/vendor/illuminate/container/Container.php(653): Illuminate\\Container\\BoundMethod::call(Object(Laravel\\Lumen\\Application), Array, Array, NULL)
#23 /usr/share/nginx/html/vendor/illuminate/database/Seeder.php(149): Illuminate\\Container\\Container->call(Array, Array)
#24 /usr/share/nginx/html/vendor/illuminate/database/Console/Seeds/SeedCommand.php(66): Illuminate\\Database\\Seeder->__invoke()
#25 /usr/share/nginx/html/vendor/illuminate/database/Eloquent/Concerns/GuardsAttributes.php(157): Illuminate\\Database\\Console\\Seeds\\SeedCommand->Illuminate\\Database\\Console\\Seeds\\{closure}()
#26 /usr/share/nginx/html/vendor/illuminate/database/Console/Seeds/SeedCommand.php(67): Illuminate\\Database\\Eloquent\\Model::unguarded(Object(Closure))
#27 /usr/share/nginx/html/vendor/illuminate/container/BoundMethod.php(36): Illuminate\\Database\\Console\\Seeds\\SeedCommand->handle()
#28 /usr/share/nginx/html/vendor/illuminate/container/Util.php(40): Illuminate\\Container\\BoundMethod::Illuminate\\Container\\{closure}()
#29 /usr/share/nginx/html/vendor/illuminate/container/BoundMethod.php(93): Illuminate\\Container\\Util::unwrapIfClosure(Object(Closure))
#30 /usr/share/nginx/html/vendor/illuminate/container/BoundMethod.php(37): Illuminate\\Container\\BoundMethod::callBoundMethod(Object(Laravel\\Lumen\\Application), Array, Object(Closure))
#31 /usr/share/nginx/html/vendor/illuminate/container/Container.php(653): Illuminate\\Container\\BoundMethod::call(Object(Laravel\\Lumen\\Application), Array, Array, NULL)
#32 /usr/share/nginx/html/vendor/illuminate/console/Command.php(136): Illuminate\\Container\\Container->call(Array)
#33 /usr/share/nginx/html/vendor/symfony/console/Command/Command.php(299): Illuminate\\Console\\Command->execute(Object(Symfony\\Component\\Console\\Input\\ArrayInput), Object(Illuminate\\Console\\OutputStyle))
#34 /usr/share/nginx/html/vendor/illuminate/console/Command.php(121): Symfony\\Component\\Console\\Command\\Command->run(Object(Symfony\\Component\\Console\\Input\\ArrayInput), Object(Illuminate\\Console\\OutputStyle))
#35 /usr/share/nginx/html/vendor/illuminate/console/Concerns/CallsCommands.php(68): Illuminate\\Console\\Command->run(Object(Symfony\\Component\\Console\\Input\\ArrayInput), Object(Illuminate\\Console\\OutputStyle))
#36 /usr/share/nginx/html/vendor/illuminate/console/Concerns/CallsCommands.php(28): Illuminate\\Console\\Command->runCommand('db:seed', Array, Object(Illuminate\\Console\\OutputStyle))
#37 /usr/share/nginx/html/vendor/illuminate/database/Console/Migrations/MigrateCommand.php(92): Illuminate\\Console\\Command->call('db:seed', Array)
#38 /usr/share/nginx/html/vendor/illuminate/database/Migrations/Migrator.php(585): Illuminate\\Database\\Console\\Migrations\\MigrateCommand->Illuminate\\Database\\Console\\Migrations\\{closure}()
#39 /usr/share/nginx/html/vendor/illuminate/database/Console/Migrations/MigrateCommand.php(94): Illuminate\\Database\\Migrations\\Migrator->usingConnection(NULL, Object(Closure))
#40 /usr/share/nginx/html/vendor/illuminate/container/BoundMethod.php(36): Illuminate\\Database\\Console\\Migrations\\MigrateCommand->handle()
#41 /usr/share/nginx/html/vendor/illuminate/container/Util.php(40): Illuminate\\Container\\BoundMethod::Illuminate\\Container\\{closure}()
#42 /usr/share/nginx/html/vendor/illuminate/container/BoundMethod.php(93): Illuminate\\Container\\Util::unwrapIfClosure(Object(Closure))
#43 /usr/share/nginx/html/vendor/illuminate/container/BoundMethod.php(37): Illuminate\\Container\\BoundMethod::callBoundMethod(Object(Laravel\\Lumen\\Application), Array, Object(Closure))
#44 /usr/share/nginx/html/vendor/illuminate/container/Container.php(653): Illuminate\\Container\\BoundMethod::call(Object(Laravel\\Lumen\\Application), Array, Array, NULL)
#45 /usr/share/nginx/html/vendor/illuminate/console/Command.php(136): Illuminate\\Container\\Container->call(Array)
#46 /usr/share/nginx/html/vendor/symfony/console/Command/Command.php(299): Illuminate\\Console\\Command->execute(Object(Symfony\\Component\\Console\\Input\\ArgvInput), Object(Illuminate\\Console\\OutputStyle))
#47 /usr/share/nginx/html/vendor/illuminate/console/Command.php(121): Symfony\\Component\\Console\\Command\\Command->run(Object(Symfony\\Component\\Console\\Input\\ArgvInput), Object(Illuminate\\Console\\OutputStyle))
#48 /usr/share/nginx/html/vendor/symfony/console/Application.php(978): Illuminate\\Console\\Command->run(Object(Symfony\\Component\\Console\\Input\\ArgvInput), Object(Symfony\\Component\\Console\\Output\\ConsoleOutput))
#49 /usr/share/nginx/html/vendor/symfony/console/Application.php(295): Symfony\\Component\\Console\\Application->doRunCommand(Object(Illuminate\\Database\\Console\\Migrations\\MigrateCommand), Object(Symfony\\Component\\Console\\Input\\ArgvInput), Object(Symfony\\Component\\Console\\Output\\ConsoleOutput))
#50 /usr/share/nginx/html/vendor/symfony/console/Application.php(167): Symfony\\Component\\Console\\Application->doRun(Object(Symfony\\Component\\Console\\Input\\ArgvInput), Object(Symfony\\Component\\Console\\Output\\ConsoleOutput))
#51 /usr/share/nginx/html/vendor/illuminate/console/Application.php(94): Symfony\\Component\\Console\\Application->run(Object(Symfony\\Component\\Console\\Input\\ArgvInput), Object(Symfony\\Component\\Console\\Output\\ConsoleOutput))
#52 /usr/share/nginx/html/vendor/laravel/lumen-framework/src/Console/Kernel.php(116): Illuminate\\Console\\Application->run(Object(Symfony\\Component\\Console\\Input\\ArgvInput), Object(Symfony\\Component\\Console\\Output\\ConsoleOutput))
#53 /usr/share/nginx/html/artisan(35): Laravel\\Lumen\\Console\\Kernel->handle(Object(Symfony\\Component\\Console\\Input\\ArgvInput), Object(Symfony\\Component\\Console\\Output\\ConsoleOutput))
#54 {main}
"} 
