[2021-12-01 09:52:03] local.ERROR: There are no commands defined in the "ide-helper" namespace. {"exception":"[object] (Symfony\\Component\\Console\\Exception\\NamespaceNotFoundException(code: 0): There are no commands defined in the \"ide-helper\" namespace. at /usr/share/nginx/html/vendor/symfony/console/Application.php:612)
[stacktrace]
#0 /usr/share/nginx/html/vendor/symfony/console/Application.php(663): Symfony\\Component\\Console\\Application->findNamespace('ide-helper')
#1 /usr/share/nginx/html/vendor/symfony/console/Application.php(255): Symfony\\Component\\Console\\Application->find('ide-helper:gene...')
#2 /usr/share/nginx/html/vendor/symfony/console/Application.php(167): Symfony\\Component\\Console\\Application->doRun(Object(Symfony\\Component\\Console\\Input\\ArgvInput), Object(Symfony\\Component\\Console\\Output\\ConsoleOutput))
#3 /usr/share/nginx/html/vendor/illuminate/console/Application.php(94): Symfony\\Component\\Console\\Application->run(Object(Symfony\\Component\\Console\\Input\\ArgvInput), Object(Symfony\\Component\\Console\\Output\\ConsoleOutput))
#4 /usr/share/nginx/html/vendor/laravel/lumen-framework/src/Console/Kernel.php(116): Illuminate\\Console\\Application->run(Object(Symfony\\Component\\Console\\Input\\ArgvInput), Object(Symfony\\Component\\Console\\Output\\ConsoleOutput))
#5 /usr/share/nginx/html/artisan(35): Laravel\\Lumen\\Console\\Kernel->handle(Object(Symfony\\Component\\Console\\Input\\ArgvInput), Object(Symfony\\Component\\Console\\Output\\ConsoleOutput))
#6 {main}
"} 
[2021-12-01 09:57:50] local.ERROR: Class "App\Providers\AppServiceProvider" not found {"exception":"[object] (Error(code: 0): Class \"App\\Providers\\AppServiceProvider\" not found at /usr/share/nginx/html/vendor/laravel/lumen-framework/src/Application.php:223)
[stacktrace]
#0 /usr/share/nginx/html/bootstrap/app.php(94): Laravel\\Lumen\\Application->register('App\\\\Providers\\\\A...')
#1 /usr/share/nginx/html/artisan(18): require('/usr/share/ngin...')
#2 {main}
"} 
[2021-12-01 10:00:40] local.ERROR: There are no commands defined in the "ide-helper" namespace. {"exception":"[object] (Symfony\\Component\\Console\\Exception\\NamespaceNotFoundException(code: 0): There are no commands defined in the \"ide-helper\" namespace. at /usr/share/nginx/html/vendor/symfony/console/Application.php:612)
[stacktrace]
#0 /usr/share/nginx/html/vendor/symfony/console/Application.php(663): Symfony\\Component\\Console\\Application->findNamespace('ide-helper')
#1 /usr/share/nginx/html/vendor/symfony/console/Application.php(255): Symfony\\Component\\Console\\Application->find('ide-helper:gene...')
#2 /usr/share/nginx/html/vendor/symfony/console/Application.php(167): Symfony\\Component\\Console\\Application->doRun(Object(Symfony\\Component\\Console\\Input\\ArgvInput), Object(Symfony\\Component\\Console\\Output\\ConsoleOutput))
#3 /usr/share/nginx/html/vendor/illuminate/console/Application.php(94): Symfony\\Component\\Console\\Application->run(Object(Symfony\\Component\\Console\\Input\\ArgvInput), Object(Symfony\\Component\\Console\\Output\\ConsoleOutput))
#4 /usr/share/nginx/html/vendor/laravel/lumen-framework/src/Console/Kernel.php(116): Illuminate\\Console\\Application->run(Object(Symfony\\Component\\Console\\Input\\ArgvInput), Object(Symfony\\Component\\Console\\Output\\ConsoleOutput))
#5 /usr/share/nginx/html/artisan(35): Laravel\\Lumen\\Console\\Kernel->handle(Object(Symfony\\Component\\Console\\Input\\ArgvInput), Object(Symfony\\Component\\Console\\Output\\ConsoleOutput))
#6 {main}
"} 
[2021-12-01 10:01:54] local.ERROR: Class "League\Flysystem\Adapter\Local" not found {"exception":"[object] (Error(code: 0): Class \"League\\Flysystem\\Adapter\\Local\" not found at /usr/share/nginx/html/vendor/illuminate/filesystem/FilesystemManager.php:179)
[stacktrace]
#0 /usr/share/nginx/html/vendor/illuminate/filesystem/FilesystemManager.php(147): Illuminate\\Filesystem\\FilesystemManager->createLocalDriver(Array)
#1 /usr/share/nginx/html/vendor/illuminate/filesystem/FilesystemManager.php(115): Illuminate\\Filesystem\\FilesystemManager->resolve('local')
#2 /usr/share/nginx/html/vendor/illuminate/filesystem/FilesystemManager.php(78): Illuminate\\Filesystem\\FilesystemManager->get('local')
#3 /usr/share/nginx/html/vendor/illuminate/support/Facades/Facade.php(261): Illuminate\\Filesystem\\FilesystemManager->disk()
#4 /usr/share/nginx/html/vendor/barryvdh/laravel-ide-helper/src/Generator.php(141): Illuminate\\Support\\Facades\\Facade::__callStatic('disk', Array)
#5 /usr/share/nginx/html/vendor/barryvdh/laravel-ide-helper/src/Generator.php(55): Barryvdh\\LaravelIdeHelper\\Generator->detectDrivers()
#6 /usr/share/nginx/html/vendor/barryvdh/laravel-ide-helper/src/Console/GeneratorCommand.php(115): Barryvdh\\LaravelIdeHelper\\Generator->__construct(Object(Illuminate\\Config\\Repository), Object(Illuminate\\View\\Factory), Object(Illuminate\\Console\\OutputStyle), '')
#7 /usr/share/nginx/html/vendor/illuminate/container/BoundMethod.php(36): Barryvdh\\LaravelIdeHelper\\Console\\GeneratorCommand->handle()
#8 /usr/share/nginx/html/vendor/illuminate/container/Util.php(40): Illuminate\\Container\\BoundMethod::Illuminate\\Container\\{closure}()
#9 /usr/share/nginx/html/vendor/illuminate/container/BoundMethod.php(93): Illuminate\\Container\\Util::unwrapIfClosure(Object(Closure))
#10 /usr/share/nginx/html/vendor/illuminate/container/BoundMethod.php(37): Illuminate\\Container\\BoundMethod::callBoundMethod(Object(Laravel\\Lumen\\Application), Array, Object(Closure))
#11 /usr/share/nginx/html/vendor/illuminate/container/Container.php(653): Illuminate\\Container\\BoundMethod::call(Object(Laravel\\Lumen\\Application), Array, Array, NULL)
#12 /usr/share/nginx/html/vendor/illuminate/console/Command.php(136): Illuminate\\Container\\Container->call(Array)
#13 /usr/share/nginx/html/vendor/symfony/console/Command/Command.php(299): Illuminate\\Console\\Command->execute(Object(Symfony\\Component\\Console\\Input\\ArgvInput), Object(Illuminate\\Console\\OutputStyle))
#14 /usr/share/nginx/html/vendor/illuminate/console/Command.php(121): Symfony\\Component\\Console\\Command\\Command->run(Object(Symfony\\Component\\Console\\Input\\ArgvInput), Object(Illuminate\\Console\\OutputStyle))
#15 /usr/share/nginx/html/vendor/symfony/console/Application.php(978): Illuminate\\Console\\Command->run(Object(Symfony\\Component\\Console\\Input\\ArgvInput), Object(Symfony\\Component\\Console\\Output\\ConsoleOutput))
#16 /usr/share/nginx/html/vendor/symfony/console/Application.php(295): Symfony\\Component\\Console\\Application->doRunCommand(Object(Barryvdh\\LaravelIdeHelper\\Console\\GeneratorCommand), Object(Symfony\\Component\\Console\\Input\\ArgvInput), Object(Symfony\\Component\\Console\\Output\\ConsoleOutput))
#17 /usr/share/nginx/html/vendor/symfony/console/Application.php(167): Symfony\\Component\\Console\\Application->doRun(Object(Symfony\\Component\\Console\\Input\\ArgvInput), Object(Symfony\\Component\\Console\\Output\\ConsoleOutput))
#18 /usr/share/nginx/html/vendor/illuminate/console/Application.php(94): Symfony\\Component\\Console\\Application->run(Object(Symfony\\Component\\Console\\Input\\ArgvInput), Object(Symfony\\Component\\Console\\Output\\ConsoleOutput))
#19 /usr/share/nginx/html/vendor/laravel/lumen-framework/src/Console/Kernel.php(116): Illuminate\\Console\\Application->run(Object(Symfony\\Component\\Console\\Input\\ArgvInput), Object(Symfony\\Component\\Console\\Output\\ConsoleOutput))
#20 /usr/share/nginx/html/artisan(35): Laravel\\Lumen\\Console\\Kernel->handle(Object(Symfony\\Component\\Console\\Input\\ArgvInput), Object(Symfony\\Component\\Console\\Output\\ConsoleOutput))
#21 {main}
"} 
[2021-12-01 10:04:19] local.ERROR: Class "League\Flysystem\Adapter\Local" not found {"exception":"[object] (Error(code: 0): Class \"League\\Flysystem\\Adapter\\Local\" not found at /usr/share/nginx/html/vendor/illuminate/filesystem/FilesystemManager.php:179)
[stacktrace]
#0 /usr/share/nginx/html/vendor/illuminate/filesystem/FilesystemManager.php(147): Illuminate\\Filesystem\\FilesystemManager->createLocalDriver(Array)
#1 /usr/share/nginx/html/vendor/illuminate/filesystem/FilesystemManager.php(115): Illuminate\\Filesystem\\FilesystemManager->resolve('local')
#2 /usr/share/nginx/html/vendor/illuminate/filesystem/FilesystemManager.php(78): Illuminate\\Filesystem\\FilesystemManager->get('local')
#3 /usr/share/nginx/html/vendor/illuminate/support/Facades/Facade.php(261): Illuminate\\Filesystem\\FilesystemManager->disk()
#4 /usr/share/nginx/html/vendor/barryvdh/laravel-ide-helper/src/Generator.php(141): Illuminate\\Support\\Facades\\Facade::__callStatic('disk', Array)
#5 /usr/share/nginx/html/vendor/barryvdh/laravel-ide-helper/src/Generator.php(55): Barryvdh\\LaravelIdeHelper\\Generator->detectDrivers()
#6 /usr/share/nginx/html/vendor/barryvdh/laravel-ide-helper/src/Console/GeneratorCommand.php(115): Barryvdh\\LaravelIdeHelper\\Generator->__construct(Object(Illuminate\\Config\\Repository), Object(Illuminate\\View\\Factory), Object(Illuminate\\Console\\OutputStyle), '')
#7 /usr/share/nginx/html/vendor/illuminate/container/BoundMethod.php(36): Barryvdh\\LaravelIdeHelper\\Console\\GeneratorCommand->handle()
#8 /usr/share/nginx/html/vendor/illuminate/container/Util.php(40): Illuminate\\Container\\BoundMethod::Illuminate\\Container\\{closure}()
#9 /usr/share/nginx/html/vendor/illuminate/container/BoundMethod.php(93): Illuminate\\Container\\Util::unwrapIfClosure(Object(Closure))
#10 /usr/share/nginx/html/vendor/illuminate/container/BoundMethod.php(37): Illuminate\\Container\\BoundMethod::callBoundMethod(Object(Laravel\\Lumen\\Application), Array, Object(Closure))
#11 /usr/share/nginx/html/vendor/illuminate/container/Container.php(653): Illuminate\\Container\\BoundMethod::call(Object(Laravel\\Lumen\\Application), Array, Array, NULL)
#12 /usr/share/nginx/html/vendor/illuminate/console/Command.php(136): Illuminate\\Container\\Container->call(Array)
#13 /usr/share/nginx/html/vendor/symfony/console/Command/Command.php(299): Illuminate\\Console\\Command->execute(Object(Symfony\\Component\\Console\\Input\\ArgvInput), Object(Illuminate\\Console\\OutputStyle))
#14 /usr/share/nginx/html/vendor/illuminate/console/Command.php(121): Symfony\\Component\\Console\\Command\\Command->run(Object(Symfony\\Component\\Console\\Input\\ArgvInput), Object(Illuminate\\Console\\OutputStyle))
#15 /usr/share/nginx/html/vendor/symfony/console/Application.php(978): Illuminate\\Console\\Command->run(Object(Symfony\\Component\\Console\\Input\\ArgvInput), Object(Symfony\\Component\\Console\\Output\\ConsoleOutput))
#16 /usr/share/nginx/html/vendor/symfony/console/Application.php(295): Symfony\\Component\\Console\\Application->doRunCommand(Object(Barryvdh\\LaravelIdeHelper\\Console\\GeneratorCommand), Object(Symfony\\Component\\Console\\Input\\ArgvInput), Object(Symfony\\Component\\Console\\Output\\ConsoleOutput))
#17 /usr/share/nginx/html/vendor/symfony/console/Application.php(167): Symfony\\Component\\Console\\Application->doRun(Object(Symfony\\Component\\Console\\Input\\ArgvInput), Object(Symfony\\Component\\Console\\Output\\ConsoleOutput))
#18 /usr/share/nginx/html/vendor/illuminate/console/Application.php(94): Symfony\\Component\\Console\\Application->run(Object(Symfony\\Component\\Console\\Input\\ArgvInput), Object(Symfony\\Component\\Console\\Output\\ConsoleOutput))
#19 /usr/share/nginx/html/vendor/laravel/lumen-framework/src/Console/Kernel.php(116): Illuminate\\Console\\Application->run(Object(Symfony\\Component\\Console\\Input\\ArgvInput), Object(Symfony\\Component\\Console\\Output\\ConsoleOutput))
#20 /usr/share/nginx/html/artisan(35): Laravel\\Lumen\\Console\\Kernel->handle(Object(Symfony\\Component\\Console\\Input\\ArgvInput), Object(Symfony\\Component\\Console\\Output\\ConsoleOutput))
#21 {main}
"} 
[2021-12-01 10:10:15] local.ERROR: Class "League\Flysystem\Adapter\Local" not found {"exception":"[object] (Error(code: 0): Class \"League\\Flysystem\\Adapter\\Local\" not found at /usr/share/nginx/html/vendor/illuminate/filesystem/FilesystemManager.php:179)
[stacktrace]
#0 /usr/share/nginx/html/vendor/illuminate/filesystem/FilesystemManager.php(147): Illuminate\\Filesystem\\FilesystemManager->createLocalDriver(Array)
#1 /usr/share/nginx/html/vendor/illuminate/filesystem/FilesystemManager.php(115): Illuminate\\Filesystem\\FilesystemManager->resolve('local')
#2 /usr/share/nginx/html/vendor/illuminate/filesystem/FilesystemManager.php(78): Illuminate\\Filesystem\\FilesystemManager->get('local')
#3 /usr/share/nginx/html/vendor/illuminate/support/Facades/Facade.php(261): Illuminate\\Filesystem\\FilesystemManager->disk()
#4 /usr/share/nginx/html/vendor/barryvdh/laravel-ide-helper/src/Generator.php(141): Illuminate\\Support\\Facades\\Facade::__callStatic('disk', Array)
#5 /usr/share/nginx/html/vendor/barryvdh/laravel-ide-helper/src/Generator.php(55): Barryvdh\\LaravelIdeHelper\\Generator->detectDrivers()
#6 /usr/share/nginx/html/vendor/barryvdh/laravel-ide-helper/src/Console/GeneratorCommand.php(115): Barryvdh\\LaravelIdeHelper\\Generator->__construct(Object(Illuminate\\Config\\Repository), Object(Illuminate\\View\\Factory), Object(Illuminate\\Console\\OutputStyle), '')
#7 /usr/share/nginx/html/vendor/illuminate/container/BoundMethod.php(36): Barryvdh\\LaravelIdeHelper\\Console\\GeneratorCommand->handle()
#8 /usr/share/nginx/html/vendor/illuminate/container/Util.php(40): Illuminate\\Container\\BoundMethod::Illuminate\\Container\\{closure}()
#9 /usr/share/nginx/html/vendor/illuminate/container/BoundMethod.php(93): Illuminate\\Container\\Util::unwrapIfClosure(Object(Closure))
#10 /usr/share/nginx/html/vendor/illuminate/container/BoundMethod.php(37): Illuminate\\Container\\BoundMethod::callBoundMethod(Object(Laravel\\Lumen\\Application), Array, Object(Closure))
#11 /usr/share/nginx/html/vendor/illuminate/container/Container.php(653): Illuminate\\Container\\BoundMethod::call(Object(Laravel\\Lumen\\Application), Array, Array, NULL)
#12 /usr/share/nginx/html/vendor/illuminate/console/Command.php(136): Illuminate\\Container\\Container->call(Array)
#13 /usr/share/nginx/html/vendor/symfony/console/Command/Command.php(299): Illuminate\\Console\\Command->execute(Object(Symfony\\Component\\Console\\Input\\ArgvInput), Object(Illuminate\\Console\\OutputStyle))
#14 /usr/share/nginx/html/vendor/illuminate/console/Command.php(121): Symfony\\Component\\Console\\Command\\Command->run(Object(Symfony\\Component\\Console\\Input\\ArgvInput), Object(Illuminate\\Console\\OutputStyle))
#15 /usr/share/nginx/html/vendor/symfony/console/Application.php(978): Illuminate\\Console\\Command->run(Object(Symfony\\Component\\Console\\Input\\ArgvInput), Object(Symfony\\Component\\Console\\Output\\ConsoleOutput))
#16 /usr/share/nginx/html/vendor/symfony/console/Application.php(295): Symfony\\Component\\Console\\Application->doRunCommand(Object(Barryvdh\\LaravelIdeHelper\\Console\\GeneratorCommand), Object(Symfony\\Component\\Console\\Input\\ArgvInput), Object(Symfony\\Component\\Console\\Output\\ConsoleOutput))
#17 /usr/share/nginx/html/vendor/symfony/console/Application.php(167): Symfony\\Component\\Console\\Application->doRun(Object(Symfony\\Component\\Console\\Input\\ArgvInput), Object(Symfony\\Component\\Console\\Output\\ConsoleOutput))
#18 /usr/share/nginx/html/vendor/illuminate/console/Application.php(94): Symfony\\Component\\Console\\Application->run(Object(Symfony\\Component\\Console\\Input\\ArgvInput), Object(Symfony\\Component\\Console\\Output\\ConsoleOutput))
#19 /usr/share/nginx/html/vendor/laravel/lumen-framework/src/Console/Kernel.php(116): Illuminate\\Console\\Application->run(Object(Symfony\\Component\\Console\\Input\\ArgvInput), Object(Symfony\\Component\\Console\\Output\\ConsoleOutput))
#20 /usr/share/nginx/html/artisan(35): Laravel\\Lumen\\Console\\Kernel->handle(Object(Symfony\\Component\\Console\\Input\\ArgvInput), Object(Symfony\\Component\\Console\\Output\\ConsoleOutput))
#21 {main}
"} 
[2021-12-01 10:13:57] local.ERROR: There are no commands defined in the "ide-helper" namespace. {"exception":"[object] (Symfony\\Component\\Console\\Exception\\NamespaceNotFoundException(code: 0): There are no commands defined in the \"ide-helper\" namespace. at /usr/share/nginx/html/vendor/symfony/console/Application.php:612)
[stacktrace]
#0 /usr/share/nginx/html/vendor/symfony/console/Application.php(663): Symfony\\Component\\Console\\Application->findNamespace('ide-helper')
#1 /usr/share/nginx/html/vendor/symfony/console/Application.php(255): Symfony\\Component\\Console\\Application->find('ide-helper:gene...')
#2 /usr/share/nginx/html/vendor/symfony/console/Application.php(167): Symfony\\Component\\Console\\Application->doRun(Object(Symfony\\Component\\Console\\Input\\ArgvInput), Object(Symfony\\Component\\Console\\Output\\ConsoleOutput))
#3 /usr/share/nginx/html/vendor/illuminate/console/Application.php(94): Symfony\\Component\\Console\\Application->run(Object(Symfony\\Component\\Console\\Input\\ArgvInput), Object(Symfony\\Component\\Console\\Output\\ConsoleOutput))
#4 /usr/share/nginx/html/vendor/laravel/lumen-framework/src/Console/Kernel.php(116): Illuminate\\Console\\Application->run(Object(Symfony\\Component\\Console\\Input\\ArgvInput), Object(Symfony\\Component\\Console\\Output\\ConsoleOutput))
#5 /usr/share/nginx/html/artisan(35): Laravel\\Lumen\\Console\\Kernel->handle(Object(Symfony\\Component\\Console\\Input\\ArgvInput), Object(Symfony\\Component\\Console\\Output\\ConsoleOutput))
#6 {main}
"} 
